# JRE version: OpenJDK Runtime Environment Temurin-21.0.6+7 (21.0.6+7) (build 21.0.6+7-LTS)
# Java VM: OpenJDK 64-Bit Server VM Temurin-21.0.6+7 (21.0.6+7-LTS, mixed mode, sharing, tiered, compressed oops, compressed class ptrs, parallel gc, windows-amd64)
GC Precious Log:
 CardTable entry size: 512
 CPUs: 8 total, 8 available
 Memory: 6005M
 Large Page Support: Disabled
 NUMA Support: Disabled
 Compressed Oops: Enabled (32-bit)
 Alignments: Space 512K, Generation 512K, Heap 2M
 Heap Min Capacity: 100M
 Heap Initial Capacity: 100M
 Heap Max Capacity: 1G
 Pre-touch: Disabled
 Parallel Workers: 8
Heap:
 PSYoungGen      total 21504K, used 10257K [0x00000000eab00000, 0x00000000ec100000, 0x0000000100000000)
  eden space 20480K, 45% used [0x00000000eab00000,0x00000000eb40c468,0x00000000ebf00000)
  from space 1024K, 96% used [0x00000000ebf00000,0x00000000ebff8030,0x00000000ec000000)
  to   space 512K, 0% used [0x00000000ec080000,0x00000000ec080000,0x00000000ec100000)
 ParOldGen       total 68608K, used 35511K [0x00000000c0000000, 0x00000000c4300000, 0x00000000eab00000)
  object space 68608K, 51% used [0x00000000c0000000,0x00000000c22addc0,0x00000000c4300000)
 Metaspace       used 61796K, committed 63104K, reserved 1114112K
  class space    used 6646K, committed 7232K, reserved 1048576K
GC Heap History (20 events):
Event: 29.114 GC heap before
{Heap before GC invocations=29 (full 2):
 PSYoungGen      total 22528K, used 22368K [0x00000000eab00000, 0x00000000ec380000, 0x0000000100000000)
  eden space 21504K, 100% used [0x00000000eab00000,0x00000000ec000000,0x00000000ec000000)
  from space 1024K, 84% used [0x00000000ec280000,0x00000000ec358000,0x00000000ec380000)
  to   space 1536K, 0% used [0x00000000ec080000,0x00000000ec080000,0x00000000ec200000)
 ParOldGen       total 68608K, used 35130K [0x00000000c0000000, 0x00000000c4300000, 0x00000000eab00000)
  object space 68608K, 51% used [0x00000000c0000000,0x00000000c224ea28,0x00000000c4300000)
 Metaspace       used 56546K, committed 57728K, reserved 1114112K
  class space    used 6073K, committed 6592K, reserved 1048576K
}
Event: 29.115 GC heap after
{Heap after GC invocations=29 (full 2):
 PSYoungGen      total 22528K, used 1008K [0x00000000eab00000, 0x00000000ec300000, 0x0000000100000000)
  eden space 21504K, 0% used [0x00000000eab00000,0x00000000eab00000,0x00000000ec000000)
  from space 1024K, 98% used [0x00000000ec080000,0x00000000ec17c038,0x00000000ec180000)
  to   space 1536K, 0% used [0x00000000ec180000,0x00000000ec180000,0x00000000ec300000)
 ParOldGen       total 68608K, used 35778K [0x00000000c0000000, 0x00000000c4300000, 0x00000000eab00000)
  object space 68608K, 52% used [0x00000000c0000000,0x00000000c22f0a88,0x00000000c4300000)
 Metaspace       used 56546K, committed 57728K, reserved 1114112K
  class space    used 6073K, committed 6592K, reserved 1048576K
}
Event: 29.579 GC heap before
{Heap before GC invocations=30 (full 2):
 PSYoungGen      total 22528K, used 22512K [0x00000000eab00000, 0x00000000ec300000, 0x0000000100000000)
  eden space 21504K, 100% used [0x00000000eab00000,0x00000000ec000000,0x00000000ec000000)
  from space 1024K, 98% used [0x00000000ec080000,0x00000000ec17c038,0x00000000ec180000)
  to   space 1536K, 0% used [0x00000000ec180000,0x00000000ec180000,0x00000000ec300000)
 ParOldGen       total 68608K, used 35778K [0x00000000c0000000, 0x00000000c4300000, 0x00000000eab00000)
  object space 68608K, 52% used [0x00000000c0000000,0x00000000c22f0a88,0x00000000c4300000)
 Metaspace       used 56571K, committed 57728K, reserved 1114112K
  class space    used 6074K, committed 6592K, reserved 1048576K
}
Event: 29.580 GC heap after
{Heap after GC invocations=30 (full 2):
 PSYoungGen      total 22016K, used 224K [0x00000000eab00000, 0x00000000ec200000, 0x0000000100000000)
  eden space 21504K, 0% used [0x00000000eab00000,0x00000000eab00000,0x00000000ec000000)
  from space 512K, 43% used [0x00000000ec180000,0x00000000ec1b8010,0x00000000ec200000)
  to   space 1024K, 0% used [0x00000000ec000000,0x00000000ec000000,0x00000000ec100000)
 ParOldGen       total 68608K, used 36673K [0x00000000c0000000, 0x00000000c4300000, 0x00000000eab00000)
  object space 68608K, 53% used [0x00000000c0000000,0x00000000c23d0578,0x00000000c4300000)
 Metaspace       used 56571K, committed 57728K, reserved 1114112K
  class space    used 6074K, committed 6592K, reserved 1048576K
}
Event: 29.827 GC heap before
{Heap before GC invocations=31 (full 2):
 PSYoungGen      total 22016K, used 21728K [0x00000000eab00000, 0x00000000ec200000, 0x0000000100000000)
  eden space 21504K, 100% used [0x00000000eab00000,0x00000000ec000000,0x00000000ec000000)
  from space 512K, 43% used [0x00000000ec180000,0x00000000ec1b8010,0x00000000ec200000)
  to   space 1024K, 0% used [0x00000000ec000000,0x00000000ec000000,0x00000000ec100000)
 ParOldGen       total 68608K, used 36673K [0x00000000c0000000, 0x00000000c4300000, 0x00000000eab00000)
  object space 68608K, 53% used [0x00000000c0000000,0x00000000c23d0578,0x00000000c4300000)
 Metaspace       used 56576K, committed 57728K, reserved 1114112K
  class space    used 6074K, committed 6592K, reserved 1048576K
}
Event: 29.829 GC heap after
{Heap after GC invocations=31 (full 2):
 PSYoungGen      total 22528K, used 128K [0x00000000eab00000, 0x00000000ec200000, 0x0000000100000000)
  eden space 21504K, 0% used [0x00000000eab00000,0x00000000eab00000,0x00000000ec000000)
  from space 1024K, 12% used [0x00000000ec000000,0x00000000ec020000,0x00000000ec100000)
  to   space 512K, 0% used [0x00000000ec180000,0x00000000ec180000,0x00000000ec200000)
 ParOldGen       total 68608K, used 36777K [0x00000000c0000000, 0x00000000c4300000, 0x00000000eab00000)
  object space 68608K, 53% used [0x00000000c0000000,0x00000000c23ea598,0x00000000c4300000)
 Metaspace       used 56576K, committed 57728K, reserved 1114112K
  class space    used 6074K, committed 6592K, reserved 1048576K
}
Event: 30.091 GC heap before
{Heap before GC invocations=32 (full 2):
 PSYoungGen      total 22528K, used 21632K [0x00000000eab00000, 0x00000000ec200000, 0x0000000100000000)
  eden space 21504K, 100% used [0x00000000eab00000,0x00000000ec000000,0x00000000ec000000)
  from space 1024K, 12% used [0x00000000ec000000,0x00000000ec020000,0x00000000ec100000)
  to   space 512K, 0% used [0x00000000ec180000,0x00000000ec180000,0x00000000ec200000)
 ParOldGen       total 68608K, used 36777K [0x00000000c0000000, 0x00000000c4300000, 0x00000000eab00000)
  object space 68608K, 53% used [0x00000000c0000000,0x00000000c23ea598,0x00000000c4300000)
 Metaspace       used 56583K, committed 57728K, reserved 1114112K
  class space    used 6074K, committed 6592K, reserved 1048576K
}
Event: 30.092 GC heap after
{Heap after GC invocations=32 (full 2):
 PSYoungGen      total 22016K, used 96K [0x00000000eab00000, 0x00000000ec200000, 0x0000000100000000)
  eden space 21504K, 0% used [0x00000000eab00000,0x00000000eab00000,0x00000000ec000000)
  from space 512K, 18% used [0x00000000ec180000,0x00000000ec198000,0x00000000ec200000)
  to   space 512K, 0% used [0x00000000ec100000,0x00000000ec100000,0x00000000ec180000)
 ParOldGen       total 68608K, used 36793K [0x00000000c0000000, 0x00000000c4300000, 0x00000000eab00000)
  object space 68608K, 53% used [0x00000000c0000000,0x00000000c23ee598,0x00000000c4300000)
 Metaspace       used 56583K, committed 57728K, reserved 1114112K
  class space    used 6074K, committed 6592K, reserved 1048576K
}
Event: 30.723 GC heap before
{Heap before GC invocations=33 (full 2):
 PSYoungGen      total 22016K, used 21600K [0x00000000eab00000, 0x00000000ec200000, 0x0000000100000000)
  eden space 21504K, 100% used [0x00000000eab00000,0x00000000ec000000,0x00000000ec000000)
  from space 512K, 18% used [0x00000000ec180000,0x00000000ec198000,0x00000000ec200000)
  to   space 512K, 0% used [0x00000000ec100000,0x00000000ec100000,0x00000000ec180000)
 ParOldGen       total 68608K, used 36793K [0x00000000c0000000, 0x00000000c4300000, 0x00000000eab00000)
  object space 68608K, 53% used [0x00000000c0000000,0x00000000c23ee598,0x00000000c4300000)
 Metaspace       used 57409K, committed 58624K, reserved 1114112K
  class space    used 6159K, committed 6656K, reserved 1048576K
}
Event: 30.725 GC heap after
{Heap after GC invocations=33 (full 2):
 PSYoungGen      total 22016K, used 512K [0x00000000eab00000, 0x00000000ec300000, 0x0000000100000000)
  eden space 21504K, 0% used [0x00000000eab00000,0x00000000eab00000,0x00000000ec000000)
  from space 512K, 100% used [0x00000000ec100000,0x00000000ec180000,0x00000000ec180000)
  to   space 1536K, 0% used [0x00000000ec180000,0x00000000ec180000,0x00000000ec300000)
 ParOldGen       total 68608K, used 37433K [0x00000000c0000000, 0x00000000c4300000, 0x00000000eab00000)
  object space 68608K, 54% used [0x00000000c0000000,0x00000000c248e5b8,0x00000000c4300000)
 Metaspace       used 57409K, committed 58624K, reserved 1114112K
  class space    used 6159K, committed 6656K, reserved 1048576K
}
Event: 31.841 GC heap before
{Heap before GC invocations=34 (full 2):
 PSYoungGen      total 22016K, used 16696K [0x00000000eab00000, 0x00000000ec300000, 0x0000000100000000)
  eden space 21504K, 75% used [0x00000000eab00000,0x00000000ebace080,0x00000000ec000000)
  from space 512K, 100% used [0x00000000ec100000,0x00000000ec180000,0x00000000ec180000)
  to   space 1536K, 0% used [0x00000000ec180000,0x00000000ec180000,0x00000000ec300000)
 ParOldGen       total 68608K, used 37433K [0x00000000c0000000, 0x00000000c4300000, 0x00000000eab00000)
  object space 68608K, 54% used [0x00000000c0000000,0x00000000c248e5b8,0x00000000c4300000)
 Metaspace       used 58527K, committed 59776K, reserved 1114112K
  class space    used 6302K, committed 6848K, reserved 1048576K
}
Event: 31.844 GC heap after
{Heap after GC invocations=34 (full 2):
 PSYoungGen      total 22016K, used 1517K [0x00000000eab00000, 0x00000000ec500000, 0x0000000100000000)
  eden space 20480K, 0% used [0x00000000eab00000,0x00000000eab00000,0x00000000ebf00000)
  from space 1536K, 98% used [0x00000000ec180000,0x00000000ec2fb510,0x00000000ec300000)
  to   space 2560K, 0% used [0x00000000ebf00000,0x00000000ebf00000,0x00000000ec180000)
 ParOldGen       total 68608K, used 37941K [0x00000000c0000000, 0x00000000c4300000, 0x00000000eab00000)
  object space 68608K, 55% used [0x00000000c0000000,0x00000000c250d5c8,0x00000000c4300000)
 Metaspace       used 58527K, committed 59776K, reserved 1114112K
  class space    used 6302K, committed 6848K, reserved 1048576K
}
Event: 31.844 GC heap before
{Heap before GC invocations=35 (full 3):
 PSYoungGen      total 22016K, used 1517K [0x00000000eab00000, 0x00000000ec500000, 0x0000000100000000)
  eden space 20480K, 0% used [0x00000000eab00000,0x00000000eab00000,0x00000000ebf00000)
  from space 1536K, 98% used [0x00000000ec180000,0x00000000ec2fb510,0x00000000ec300000)
  to   space 2560K, 0% used [0x00000000ebf00000,0x00000000ebf00000,0x00000000ec180000)
 ParOldGen       total 68608K, used 37941K [0x00000000c0000000, 0x00000000c4300000, 0x00000000eab00000)
  object space 68608K, 55% used [0x00000000c0000000,0x00000000c250d5c8,0x00000000c4300000)
 Metaspace       used 58527K, committed 59776K, reserved 1114112K
  class space    used 6302K, committed 6848K, reserved 1048576K
}
Event: 31.919 GC heap after
{Heap after GC invocations=35 (full 3):
 PSYoungGen      total 22016K, used 0K [0x00000000eab00000, 0x00000000ec500000, 0x0000000100000000)
  eden space 20480K, 0% used [0x00000000eab00000,0x00000000eab00000,0x00000000ebf00000)
  from space 1536K, 0% used [0x00000000ec180000,0x00000000ec180000,0x00000000ec300000)
  to   space 2560K, 0% used [0x00000000ebf00000,0x00000000ebf00000,0x00000000ec180000)
 ParOldGen       total 68608K, used 33303K [0x00000000c0000000, 0x00000000c4300000, 0x00000000eab00000)
  object space 68608K, 48% used [0x00000000c0000000,0x00000000c2085e50,0x00000000c4300000)
 Metaspace       used 58519K, committed 59776K, reserved 1114112K
  class space    used 6300K, committed 6848K, reserved 1048576K
}
Event: 32.263 GC heap before
{Heap before GC invocations=36 (full 3):
 PSYoungGen      total 22016K, used 20480K [0x00000000eab00000, 0x00000000ec500000, 0x0000000100000000)
  eden space 20480K, 100% used [0x00000000eab00000,0x00000000ebf00000,0x00000000ebf00000)
  from space 1536K, 0% used [0x00000000ec180000,0x00000000ec180000,0x00000000ec300000)
  to   space 2560K, 0% used [0x00000000ebf00000,0x00000000ebf00000,0x00000000ec180000)
 ParOldGen       total 68608K, used 33303K [0x00000000c0000000, 0x00000000c4300000, 0x00000000eab00000)
  object space 68608K, 48% used [0x00000000c0000000,0x00000000c2085e50,0x00000000c4300000)
 Metaspace       used 59829K, committed 61056K, reserved 1114112K
  class space    used 6459K, committed 6976K, reserved 1048576K
}
Event: 32.264 GC heap after
{Heap after GC invocations=36 (full 3):
 PSYoungGen      total 22016K, used 1038K [0x00000000eab00000, 0x00000000ec200000, 0x0000000100000000)
  eden space 20480K, 0% used [0x00000000eab00000,0x00000000eab00000,0x00000000ebf00000)
  from space 1536K, 67% used [0x00000000ebf00000,0x00000000ec003828,0x00000000ec080000)
  to   space 1536K, 0% used [0x00000000ec080000,0x00000000ec080000,0x00000000ec200000)
 ParOldGen       total 68608K, used 33311K [0x00000000c0000000, 0x00000000c4300000, 0x00000000eab00000)
  object space 68608K, 48% used [0x00000000c0000000,0x00000000c2087e50,0x00000000c4300000)
 Metaspace       used 59829K, committed 61056K, reserved 1114112K
  class space    used 6459K, committed 6976K, reserved 1048576K
}
Event: 35.969 GC heap before
{Heap before GC invocations=37 (full 3):
 PSYoungGen      total 22016K, used 21518K [0x00000000eab00000, 0x00000000ec200000, 0x0000000100000000)
  eden space 20480K, 100% used [0x00000000eab00000,0x00000000ebf00000,0x00000000ebf00000)
  from space 1536K, 67% used [0x00000000ebf00000,0x00000000ec003828,0x00000000ec080000)
  to   space 1536K, 0% used [0x00000000ec080000,0x00000000ec080000,0x00000000ec200000)
 ParOldGen       total 68608K, used 33311K [0x00000000c0000000, 0x00000000c4300000, 0x00000000eab00000)
  object space 68608K, 48% used [0x00000000c0000000,0x00000000c2087e50,0x00000000c4300000)
 Metaspace       used 61033K, committed 62336K, reserved 1114112K
  class space    used 6586K, committed 7168K, reserved 1048576K
}
Event: 35.970 GC heap after
{Heap after GC invocations=37 (full 3):
 PSYoungGen      total 20992K, used 384K [0x00000000eab00000, 0x00000000ec100000, 0x0000000100000000)
  eden space 20480K, 0% used [0x00000000eab00000,0x00000000eab00000,0x00000000ebf00000)
  from space 512K, 75% used [0x00000000ec080000,0x00000000ec0e0000,0x00000000ec100000)
  to   space 1024K, 0% used [0x00000000ebf00000,0x00000000ebf00000,0x00000000ec000000)
 ParOldGen       total 68608K, used 34047K [0x00000000c0000000, 0x00000000c4300000, 0x00000000eab00000)
  object space 68608K, 49% used [0x00000000c0000000,0x00000000c213fdb0,0x00000000c4300000)
 Metaspace       used 61033K, committed 62336K, reserved 1114112K
  class space    used 6586K, committed 7168K, reserved 1048576K
}
Event: 36.136 GC heap before
{Heap before GC invocations=38 (full 3):
 PSYoungGen      total 20992K, used 20864K [0x00000000eab00000, 0x00000000ec100000, 0x0000000100000000)
  eden space 20480K, 100% used [0x00000000eab00000,0x00000000ebf00000,0x00000000ebf00000)
  from space 512K, 75% used [0x00000000ec080000,0x00000000ec0e0000,0x00000000ec100000)
  to   space 1024K, 0% used [0x00000000ebf00000,0x00000000ebf00000,0x00000000ec000000)
 ParOldGen       total 68608K, used 34047K [0x00000000c0000000, 0x00000000c4300000, 0x00000000eab00000)
  object space 68608K, 49% used [0x00000000c0000000,0x00000000c213fdb0,0x00000000c4300000)
 Metaspace       used 61796K, committed 63104K, reserved 1114112K
  class space    used 6646K, committed 7232K, reserved 1048576K
}
Event: 36.138 GC heap after
{Heap after GC invocations=38 (full 3):
 PSYoungGen      total 21504K, used 992K [0x00000000eab00000, 0x00000000ec100000, 0x0000000100000000)
  eden space 20480K, 0% used [0x00000000eab00000,0x00000000eab00000,0x00000000ebf00000)
  from space 1024K, 96% used [0x00000000ebf00000,0x00000000ebff8030,0x00000000ec000000)
  to   space 512K, 0% used [0x00000000ec080000,0x00000000ec080000,0x00000000ec100000)
 ParOldGen       total 68608K, used 35511K [0x00000000c0000000, 0x00000000c4300000, 0x00000000eab00000)
  object space 68608K, 51% used [0x00000000c0000000,0x00000000c22addc0,0x00000000c4300000)
 Metaspace       used 61796K, committed 63104K, reserved 1114112K
  class space    used 6646K, committed 7232K, reserved 1048576K
}

